<?xml version="1.0" encoding="UTF-8"?>
<testng-results ignored="0" total="1" passed="1" failed="0" skipped="0">
  <reporter-output>
  </reporter-output>
  <suite started-at="2025-11-27T09:24:48 IST" name="Default suite" finished-at="2025-11-27T09:24:56 IST" duration-ms="7691">
    <groups>
    </groups>
    <test started-at="2025-11-27T09:24:48 IST" name="Default test" finished-at="2025-11-27T09:24:56 IST" duration-ms="7691">
      <class name="com.LoginTest.LoginTest">
        <test-method is-config="true" signature="Setup()[pri:0, instance:com.LoginTest.LoginTest@292b08d6]" started-at="2025-11-27T09:24:48 IST" name="Setup" finished-at="2025-11-27T09:24:54 IST" duration-ms="5419" status="PASS">
          <reporter-output>
          </reporter-output>
        </test-method> <!-- Setup -->
        <test-method signature="VerifyLogin()[pri:0, instance:com.LoginTest.LoginTest@292b08d6]" started-at="2025-11-27T09:24:54 IST" name="VerifyLogin" finished-at="2025-11-27T09:24:55 IST" duration-ms="1232" status="PASS">
          <reporter-output>
          </reporter-output>
        </test-method> <!-- VerifyLogin -->
        <test-method is-config="true" signature="TearDown()[pri:0, instance:com.LoginTest.LoginTest@292b08d6]" started-at="2025-11-27T09:24:55 IST" name="TearDown" finished-at="2025-11-27T09:24:56 IST" duration-ms="927" status="PASS">
          <reporter-output>
          </reporter-output>
        </test-method> <!-- TearDown -->
      </class> <!-- com.LoginTest.LoginTest -->
    </test> <!-- Default test -->
  </suite> <!-- Default suite -->
</testng-results>
