<?xml version="1.0" encoding="UTF-8"?>
<!-- Generated by org.testng.reporters.JUnitXMLReporter -->
<testsuite ignored="1" hostname="DESKTOP-DFHCGIA" failures="0" tests="10" name="Test" time="0.147" errors="0" timestamp="2025-11-21T09:37:02 IST">
  <testcase classname="AutomationTestNg.Automation_S4" name="abc" time="0.012"/>
  <testcase classname="AutomationTestNg.Automation_S4" name="efg" time="0.002"/>
  <testcase classname="AutomationTestNg.Automation_S4" name="mno" time="0.002"/>
  <testcase classname="AutomationTestNg.Automation_S4" name="pqr" time="0.003"/>
  <testcase classname="AutomationTestNg.Automation_S4" name="xyz" time="0.003"/>
  <testcase classname="AutomationTestNg.Automation_S5" name="m1" time="0.002"/>
  <testcase classname="AutomationTestNg.Automation_S5" name="m3" time="0.003"/>
  <testcase classname="AutomationTestNg.Automation_S1" name="TestCase1" time="0.004"/>
  <testcase classname="AutomationTestNg.Automation_S1" name="TestCase2" time="0.002"/>
  <testcase classname="AutomationTestNg.Automation_S1" name="TestCase3" time="0.003"/>
  <testcase classname="AutomationTestNg.Automation_S5" name="m2" time="0.0">
    <ignored/>
  </testcase> <!-- m2 -->
</testsuite> <!-- Test -->
