<?xml version="1.0" encoding="UTF-8"?>
<!-- Generated by org.testng.reporters.JUnitReportReporter -->
<testsuite hostname="DESKTOP-DFHCGIA" failures="0" tests="5" name="AutomationTestNg.Automation_S4" time="0.029" errors="0" timestamp="2025-11-23T08:12:49 IST" skipped="0">
  <testcase classname="AutomationTestNg.Automation_S4" name="abc" time="0.013"/>
  <testcase classname="AutomationTestNg.Automation_S4" name="efg" time="0.006"/>
  <testcase classname="AutomationTestNg.Automation_S4" name="mno" time="0.002"/>
  <testcase classname="AutomationTestNg.Automation_S4" name="pqr" time="0.006"/>
  <testcase classname="AutomationTestNg.Automation_S4" name="xyz" time="0.002"/>
</testsuite> <!-- AutomationTestNg.Automation_S4 -->
