<?xml version="1.0" encoding="UTF-8"?>
<!-- Generated by org.testng.reporters.JUnitReportReporter -->
<testsuite hostname="DESKTOP-DFHCGIA" failures="0" tests="3" name="AutomationTestNg.Automation_S2" time="0.005" errors="0" timestamp="2025-11-21T09:31:41 IST" skipped="0">
  <testcase classname="AutomationTestNg.Automation_S2" name="testCase3" time="0.002"/>
  <testcase classname="AutomationTestNg.Automation_S2" name="testCase1" time="0.002"/>
  <testcase classname="AutomationTestNg.Automation_S2" name="testCase2" time="0.001"/>
</testsuite> <!-- AutomationTestNg.Automation_S2 -->
