<?xml version="1.0" encoding="UTF-8"?>
<!-- Generated by org.testng.reporters.JUnitReportReporter -->
<testsuite hostname="DESKTOP-DFHCGIA" failures="0" tests="3" name="AutomationTestNg.Automation_S3" time="16.425" errors="0" timestamp="2025-11-21T09:31:41 IST" skipped="0">
  <testcase classname="AutomationTestNg.Automation_S3" name="test2" time="3.922"/>
  <testcase classname="AutomationTestNg.Automation_S3" name="test3" time="6.402"/>
  <testcase classname="AutomationTestNg.Automation_S3" name="test1" time="6.101"/>
</testsuite> <!-- AutomationTestNg.Automation_S3 -->
