<?xml version="1.0" encoding="UTF-8"?>
<!-- Generated by org.testng.reporters.JUnitReportReporter -->
<testsuite hostname="DESKTOP-DFHCGIA" failures="0" tests="3" name="AutomationTestNg.Automation_S1" time="0.020" errors="0" timestamp="2025-11-25T09:15:38 IST" skipped="0">
  <testcase classname="AutomationTestNg.Automation_S1" name="TestCase2" time="0.005"/>
  <testcase classname="AutomationTestNg.Automation_S1" name="TestCase3" time="0.001"/>
  <testcase classname="AutomationTestNg.Automation_S1" name="TestCase1" time="0.014"/>
</testsuite> <!-- AutomationTestNg.Automation_S1 -->
